<<<<<<< HEAD
2020/06/15-00:10 [http-nio-9000-exec-10] INFO  com.business.management.util.TokenUtil- ????Token???>>>>>>>>>>User(id=3, username=admin, password=427338237BD929443EC5D48E24FD2B1A, roleNo=1, role=ROLE_ADMIN, status=1, empno=1111111, realname=Administrator, phone=17712341324, email=admin@admin.com, department=???, sex=?, birthday=2020-04-29, wechat=xxxxxx, qq=222222, province=11, city=1101, area=110101, address=qqqqqqqq, question=wenti, answer=daan, imagePhoto=http://101.133.219.148:3000/file/20200605/20200605161751_9056317126.blob, param1=null, param2=null, param3=null, param4=null, param5=null, createtime=null, updatetime=2020-06-13)
2020/06/15-00:10 [http-nio-9000-exec-10] INFO  com.business.management.util.TokenUtil-  ??[3] ??Token>>>>>>>>>>eyJhbGciOiJIUzI1NiIsInR5cCI6IkpXVCJ9.eyJST0xFIjoiUk9MRV9BRE1JTiIsImF1ZCI6IjMiLCJVU0VSTkFNRSI6ImFkbWluIiwiZXhwIjoxNTkyMTU0NjUzfQ.P0zoAvk9xGJvCmvKWsc-xxFAhWWyXOcDSXkWTbeYysU
=======
2020/06/15-00:01 [http-nio-9000-exec-10] INFO  com.business.management.util.TokenUtil- 正在创建Token的用户>>>>>>>>>>User(id=3, username=admin, password=D8F80B67499E434EA61ADAF6E6219BF2, roleNo=1, role=ROLE_ADMIN, status=1, empno=1111111, realname=ancunho, phone=17712341324, email=test@test.com, department=人资部, sex=男, birthday=2020-04-29, wechat=cunho910, qq=222222, province=11, city=1101, area=110101, address=qqqqqqqq, question=wenti, answer=daan, imagePhoto=http://101.133.219.148:3000/file/20200523/20200523221330_9494129177.blob, param1=null, param2=null, param3=null, param4=null, param5=null, createtime=null, updatetime=2020-06-13)
2020/06/15-00:01 [http-nio-9000-exec-10] INFO  com.business.management.util.TokenUtil-  用户[3] 创建Token>>>>>>>>>>eyJhbGciOiJIUzI1NiIsInR5cCI6IkpXVCJ9.eyJST0xFIjoiUk9MRV9BRE1JTiIsImF1ZCI6IjMiLCJVU0VSTkFNRSI6ImFkbWluIiwiZXhwIjoxNTkyMTU0MTA2fQ.ddjDFQwQktJLfND1crLvxVB_srZrXd7l9wJ-kUOB19s
2020/06/15-00:02 [http-nio-9000-exec-1] INFO  com.business.management.service.impl.ProjectBaseinfoServiceImpl- projectBaseinfo update ok, id : 37
2020/06/15-00:02 [http-nio-9000-exec-1] INFO  com.business.management.service.impl.ProjectBaseinfoServiceImpl- projectBaseinfo update ok, id : 37
2020/06/15-00:02 [http-nio-9000-exec-2] INFO  com.business.management.service.impl.ProjectBaseinfoServiceImpl- projectBaseinfo update ok, id : 37
2020/06/15-00:03 [http-nio-9000-exec-5] INFO  com.business.management.service.impl.ProjectBaseinfoServiceImpl- projectBaseinfo update ok, id : 37
2020/06/15-00:03 [http-nio-9000-exec-9] INFO  com.business.management.service.impl.ProjectBaseinfoServiceImpl- projectBaseinfo update ok, id : 37
2020/06/15-00:04 [http-nio-9000-exec-10] INFO  com.business.management.service.impl.ProjectBaseinfoServiceImpl- projectBaseinfo update ok, id : 35
2020/06/15-00:04 [http-nio-9000-exec-3] INFO  com.business.management.service.impl.ProjectBaseinfoServiceImpl- projectBaseinfo update ok, id : 37
2020/06/15-00:04 [http-nio-9000-exec-9] INFO  com.business.management.service.impl.ProjectBaseinfoServiceImpl- projectBaseinfo update ok, id : 37
2020/06/15-00:04 [http-nio-9000-exec-10] INFO  com.business.management.service.impl.ProjectBaseinfoServiceImpl- projectBaseinfo update ok, id : 37
2020/06/15-00:04 [http-nio-9000-exec-2] INFO  com.business.management.service.impl.ProjectBaseinfoServiceImpl- projectBaseinfo update ok, id : 37
2020/06/15-00:05 [http-nio-9000-exec-2] INFO  com.business.management.service.impl.ProjectBaseinfoServiceImpl- projectBaseinfo update ok, id : 37
2020/06/15-00:05 [http-nio-9000-exec-4] INFO  com.business.management.service.impl.ProjectBaseinfoServiceImpl- projectBaseinfo update ok, id : 35
2020/06/15-00:06 [http-nio-9000-exec-3] INFO  com.business.management.service.impl.ProjectBaseinfoServiceImpl- projectBaseinfo update ok, id : 35
2020/06/15-00:06 [http-nio-9000-exec-1] INFO  com.business.management.service.impl.ProjectBaseinfoServiceImpl- projectBaseinfo update ok, id : 35
2020/06/15-00:06 [http-nio-9000-exec-4] INFO  com.business.management.service.impl.ProjectBaseinfoServiceImpl- projectBaseinfo update ok, id : 35
2020/06/15-00:06 [http-nio-9000-exec-9] INFO  com.business.management.service.impl.ProjectBaseinfoServiceImpl- projectBaseinfo update ok, id : 35
2020/06/15-00:13 [Thread-7] INFO  org.springframework.scheduling.concurrent.ThreadPoolTaskExecutor- Shutting down ExecutorService 'applicationTaskExecutor'
2020/06/15-00:13 [Thread-7] INFO  com.zaxxer.hikari.HikariDataSource- HikariPool-1 - Shutdown initiated...
2020/06/15-00:13 [Thread-7] INFO  com.zaxxer.hikari.HikariDataSource- HikariPool-1 - Shutdown completed.
>>>>>>> 19caa9d8c31892b4a455b2250bcb8ad87d0ef738
2020/06/15-00:17 [main] INFO  com.business.management.ManagementApplication- Starting ManagementApplication v0.0.1-SNAPSHOT on iZuf6esl1ob386l0b0in5cZ with PID 21469 (/developer/git-repository/backend/O2System_Back/target/management-0.0.1-SNAPSHOT.jar started by root in /developer/git-repository/backend/O2System_Back)
2020/06/15-00:17 [main] INFO  com.business.management.ManagementApplication- No active profile set, falling back to default profiles: default
2020/06/15-00:17 [main] INFO  org.springframework.context.support.PostProcessorRegistrationDelegate$BeanPostProcessorChecker- Bean 'org.springframework.transaction.annotation.ProxyTransactionManagementConfiguration' of type [org.springframework.transaction.annotation.ProxyTransactionManagementConfiguration$$EnhancerBySpringCGLIB$$c2511c03] is not eligible for getting processed by all BeanPostProcessors (for example: not eligible for auto-proxying)
2020/06/15-00:17 [main] INFO  org.springframework.boot.web.embedded.tomcat.TomcatWebServer- Tomcat initialized with port(s): 9000 (http)
2020/06/15-00:17 [main] INFO  org.apache.catalina.core.StandardService- Starting service [Tomcat]
2020/06/15-00:17 [main] INFO  org.apache.catalina.core.StandardEngine- Starting Servlet engine: [Apache Tomcat/9.0.22]
2020/06/15-00:17 [main] INFO  org.apache.catalina.core.ContainerBase.[Tomcat].[localhost].[/]- Initializing Spring embedded WebApplicationContext
2020/06/15-00:17 [main] INFO  org.springframework.web.context.ContextLoader- Root WebApplicationContext: initialization completed in 2029 ms
2020/06/15-00:17 [main] INFO  org.springframework.scheduling.concurrent.ThreadPoolTaskExecutor- Initializing ExecutorService 'applicationTaskExecutor'
2020/06/15-00:17 [main] WARN  org.thymeleaf.templatemode.TemplateMode- [THYMELEAF][main] Template Mode 'HTML5' is deprecated. Using Template Mode 'HTML' instead.
2020/06/15-00:17 [main] INFO  org.springframework.boot.actuate.endpoint.web.EndpointLinksResolver- Exposing 2 endpoint(s) beneath base path '/actuator'
2020/06/15-00:17 [main] INFO  org.springframework.boot.web.embedded.tomcat.TomcatWebServer- Tomcat started on port(s): 9000 (http) with context path ''
2020/06/15-00:17 [main] INFO  com.business.management.ManagementApplication- Started ManagementApplication in 4.151 seconds (JVM running for 4.55)
2020/06/15-00:17 [http-nio-9000-exec-1] INFO  org.apache.catalina.core.ContainerBase.[Tomcat].[localhost].[/]- Initializing Spring DispatcherServlet 'dispatcherServlet'
2020/06/15-00:17 [http-nio-9000-exec-1] INFO  org.springframework.web.servlet.DispatcherServlet- Initializing Servlet 'dispatcherServlet'
2020/06/15-00:17 [http-nio-9000-exec-1] INFO  org.springframework.web.servlet.DispatcherServlet- Completed initialization in 9 ms
2020/06/15-00:17 [http-nio-9000-exec-1] INFO  com.zaxxer.hikari.HikariDataSource- HikariPool-1 - Starting...
2020/06/15-00:17 [http-nio-9000-exec-1] INFO  com.zaxxer.hikari.HikariDataSource- HikariPool-1 - Start completed.
2020/06/15-00:17 [http-nio-9000-exec-4] INFO  com.business.management.util.TokenUtil- ????Token???>>>>>>>>>>User(id=3, username=admin, password=427338237BD929443EC5D48E24FD2B1A, roleNo=1, role=ROLE_ADMIN, status=1, empno=1111111, realname=Administrator, phone=17712341324, email=admin@admin.com, department=???, sex=?, birthday=2020-04-29, wechat=xxxxxx, qq=222222, province=11, city=1101, area=110101, address=qqqqqqqq, question=wenti, answer=daan, imagePhoto=http://101.133.219.148:3000/file/20200605/20200605161751_9056317126.blob, param1=null, param2=null, param3=null, param4=null, param5=null, createtime=null, updatetime=2020-06-13)
2020/06/15-00:17 [http-nio-9000-exec-4] INFO  com.business.management.util.TokenUtil-  ??[3] ??Token>>>>>>>>>>eyJhbGciOiJIUzI1NiIsInR5cCI6IkpXVCJ9.eyJST0xFIjoiUk9MRV9BRE1JTiIsImF1ZCI6IjMiLCJVU0VSTkFNRSI6ImFkbWluIiwiZXhwIjoxNTkyMTU1MDM4fQ.Cx3Nx7qwcZ43hxkgRbCcDP3n56frP0BuivSK_vLew88
2020/06/15-00:17 [http-nio-9000-exec-6] INFO  com.business.management.service.impl.ProjectBaseinfoServiceImpl- projectBaseinfo update ok, id : 60
2020/06/15-00:17 [http-nio-9000-exec-9] INFO  com.business.management.util.TokenUtil- ????Token???>>>>>>>>>>User(id=3, username=admin, password=427338237BD929443EC5D48E24FD2B1A, roleNo=1, role=ROLE_ADMIN, status=1, empno=1111111, realname=Administrator, phone=17712341324, email=admin@admin.com, department=???, sex=?, birthday=2020-04-29, wechat=xxxxxx, qq=222222, province=11, city=1101, area=110101, address=qqqqqqqq, question=wenti, answer=daan, imagePhoto=http://101.133.219.148:3000/file/20200605/20200605161751_9056317126.blob, param1=null, param2=null, param3=null, param4=null, param5=null, createtime=null, updatetime=2020-06-13)
2020/06/15-00:17 [http-nio-9000-exec-9] INFO  com.business.management.util.TokenUtil-  ??[3] ??Token>>>>>>>>>>eyJhbGciOiJIUzI1NiIsInR5cCI6IkpXVCJ9.eyJST0xFIjoiUk9MRV9BRE1JTiIsImF1ZCI6IjMiLCJVU0VSTkFNRSI6ImFkbWluIiwiZXhwIjoxNTkyMTU1MDUyfQ.MkCnqTK2EpAoIwU6EX3rdffa1Yxeo5L-GRiZk8hcb44
2020/06/15-00:17 [http-nio-9000-exec-2] INFO  com.business.management.service.impl.ProjectBaseinfoServiceImpl- projectBaseinfo update ok, id : 60
2020/06/15-00:17 [http-nio-9000-exec-6] INFO  com.business.management.service.impl.ProjectBaseinfoServiceImpl- projectBaseinfo update ok, id : 60
2020/06/15-00:18 [http-nio-9000-exec-9] INFO  com.business.management.service.impl.FileServiceImpl- ??????,????????:avatar.jpg,?????:/home/file/20200615/,????:20200615001819_7535986433.jpg,?????jpg
2020/06/15-00:19 [http-nio-9000-exec-3] INFO  com.business.management.service.impl.FileServiceImpl- ??????,????????:detail.json,?????:/home/file/20200615/,????:20200615001903_8280830018.json,?????json
2020/06/15-01:32 [http-nio-9000-exec-9] INFO  org.apache.coyote.http11.Http11Processor- Error parsing HTTP request header
 Note: further occurrences of HTTP request parsing errors will be logged at DEBUG level.
java.lang.IllegalArgumentException: Invalid character found in method name. HTTP method names must be tokens
	at org.apache.coyote.http11.Http11InputBuffer.parseRequestLine(Http11InputBuffer.java:415)
	at org.apache.coyote.http11.Http11Processor.service(Http11Processor.java:294)
	at org.apache.coyote.AbstractProcessorLight.process(AbstractProcessorLight.java:66)
	at org.apache.coyote.AbstractProtocol$ConnectionHandler.process(AbstractProtocol.java:853)
	at org.apache.tomcat.util.net.NioEndpoint$SocketProcessor.doRun(NioEndpoint.java:1587)
	at org.apache.tomcat.util.net.SocketProcessorBase.run(SocketProcessorBase.java:49)
	at java.util.concurrent.ThreadPoolExecutor.runWorker(ThreadPoolExecutor.java:1149)
	at java.util.concurrent.ThreadPoolExecutor$Worker.run(ThreadPoolExecutor.java:624)
	at org.apache.tomcat.util.threads.TaskThread$WrappingRunnable.run(TaskThread.java:61)
	at java.lang.Thread.run(Thread.java:748)
2020/06/15-08:40 [http-nio-9000-exec-6] INFO  com.business.management.util.TokenUtil- ????Token???>>>>>>>>>>User(id=3, username=admin, password=427338237BD929443EC5D48E24FD2B1A, roleNo=1, role=ROLE_ADMIN, status=1, empno=1111111, realname=Administrator, phone=17712341324, email=admin@admin.com, department=???, sex=?, birthday=2020-04-29, wechat=xxxxxx, qq=222222, province=11, city=1101, area=110101, address=qqqqqqqq, question=wenti, answer=daan, imagePhoto=http://101.133.219.148:3000/file/20200605/20200605161751_9056317126.blob, param1=null, param2=null, param3=null, param4=null, param5=null, createtime=null, updatetime=2020-06-13)
2020/06/15-08:40 [http-nio-9000-exec-6] INFO  com.business.management.util.TokenUtil-  ??[3] ??Token>>>>>>>>>>eyJhbGciOiJIUzI1NiIsInR5cCI6IkpXVCJ9.eyJST0xFIjoiUk9MRV9BRE1JTiIsImF1ZCI6IjMiLCJVU0VSTkFNRSI6ImFkbWluIiwiZXhwIjoxNTkyMTg1MjUxfQ.x1B9LzcaLYpWsFIweVqhpXaQacTJnA9vBtob_NxUgpk
2020/06/15-08:57 [http-nio-9000-exec-1] INFO  com.business.management.util.TokenUtil- ????Token???>>>>>>>>>>User(id=19, username=hjso87, password=640C92E460455AB57F5A2A5F30A46FD9, roleNo=0, role=ROLE_USER, status=1, empno=1, realname=???, phone=13774382977, email=sohj@kolmarbnh.co.kr, department=???, sex=null, birthday=, wechat=sue5072, qq=null, province=null, city=null, area=null, address=null, question=1, answer=1, imagePhoto=/avatar.jpg, param1=null, param2=null, param3=null, param4=null, param5=null, createtime=2020-06-05, updatetime=2020-06-12)
2020/06/15-08:57 [http-nio-9000-exec-1] INFO  com.business.management.util.TokenUtil-  ??[19] ??Token>>>>>>>>>>eyJhbGciOiJIUzI1NiIsInR5cCI6IkpXVCJ9.eyJST0xFIjoiUk9MRV9VU0VSIiwiYXVkIjoiMTkiLCJVU0VSTkFNRSI6Imhqc284NyIsImV4cCI6MTU5MjE4NjI0OH0.UEARbSt9CTqu6KJkfvEeZQ_uvwHGxJR3ad3VFmaVZAo
2020/06/15-09:06 [http-nio-9000-exec-7] INFO  com.business.management.util.TokenUtil- ????Token???>>>>>>>>>>User(id=25, username=Cynthia, password=EC967264A959EA2A10FA2490674BD2A3, roleNo=0, role=ROLE_USER, status=1, empno=KJ19007, realname=Cynthia, phone=13913719373, email=cynthia@kolmarbnh.co.kr, department=???, sex=null, birthday=null, wechat=null, qq=null, province=null, city=null, area=null, address=null, question=QUESTION---1, answer=?????, imagePhoto=/avatar.jpg, param1=null, param2=null, param3=null, param4=null, param5=null, createtime=2020-06-15, updatetime=2020-06-15)
2020/06/15-09:06 [http-nio-9000-exec-7] INFO  com.business.management.util.TokenUtil-  ??[25] ??Token>>>>>>>>>>eyJhbGciOiJIUzI1NiIsInR5cCI6IkpXVCJ9.eyJST0xFIjoiUk9MRV9VU0VSIiwiYXVkIjoiMjUiLCJVU0VSTkFNRSI6IkN5bnRoaWEiLCJleHAiOjE1OTIxODY4MTN9.x98t0hlKRbRxacAKH4CDvc9qGxfS8Mqq5FKuFLdZJwQ
2020/06/15-09:33 [http-nio-9000-exec-2] INFO  com.business.management.util.TokenUtil- ????Token???>>>>>>>>>>User(id=25, username=Cynthia, password=EC967264A959EA2A10FA2490674BD2A3, roleNo=0, role=ROLE_USER, status=1, empno=KJ19007, realname=Cynthia, phone=13913719373, email=cynthia@kolmarbnh.co.kr, department=???, sex=null, birthday=null, wechat=null, qq=null, province=null, city=null, area=null, address=null, question=QUESTION---1, answer=?????, imagePhoto=/avatar.jpg, param1=null, param2=null, param3=null, param4=null, param5=null, createtime=2020-06-15, updatetime=2020-06-15)
2020/06/15-09:33 [http-nio-9000-exec-2] INFO  com.business.management.util.TokenUtil-  ??[25] ??Token>>>>>>>>>>eyJhbGciOiJIUzI1NiIsInR5cCI6IkpXVCJ9.eyJST0xFIjoiUk9MRV9VU0VSIiwiYXVkIjoiMjUiLCJVU0VSTkFNRSI6IkN5bnRoaWEiLCJleHAiOjE1OTIxODg0MDJ9.y2S-etL2pz9Pla3Mn35c4aYHep9wN1HWO4yE0KKRuus
2020/06/15-09:34 [http-nio-9000-exec-2] INFO  com.business.management.util.TokenUtil- ????Token???>>>>>>>>>>User(id=25, username=Cynthia, password=EC967264A959EA2A10FA2490674BD2A3, roleNo=0, role=ROLE_USER, status=1, empno=KJ19007, realname=Cynthia, phone=13913719373, email=cynthia@kolmarbnh.co.kr, department=???, sex=null, birthday=null, wechat=null, qq=null, province=null, city=null, area=null, address=null, question=QUESTION---1, answer=?????, imagePhoto=/avatar.jpg, param1=null, param2=null, param3=null, param4=null, param5=null, createtime=2020-06-15, updatetime=2020-06-15)
2020/06/15-09:34 [http-nio-9000-exec-2] INFO  com.business.management.util.TokenUtil-  ??[25] ??Token>>>>>>>>>>eyJhbGciOiJIUzI1NiIsInR5cCI6IkpXVCJ9.eyJST0xFIjoiUk9MRV9VU0VSIiwiYXVkIjoiMjUiLCJVU0VSTkFNRSI6IkN5bnRoaWEiLCJleHAiOjE1OTIxODg0Njl9.ECTQ3L576BwpZHlE47aH5gsjabnaa4OhR76rsXVwbS4
2020/06/15-09:51 [http-nio-9000-exec-2] INFO  com.business.management.util.TokenUtil- ????Token???>>>>>>>>>>User(id=24, username=??900716, password=A2D7F7BA868E288E70DA89AACDD302F5, roleNo=0, role=ROLE_USER, status=1, empno=KJ19008, realname=??, phone=13601423572, email=326255281@qq.com, department=???, sex=null, birthday=null, wechat=null, qq=null, province=null, city=null, area=null, address=null, question=1, answer=??, imagePhoto=/avatar.jpg, param1=null, param2=null, param3=null, param4=null, param5=null, createtime=2020-06-09, updatetime=2020-06-11)
2020/06/15-09:51 [http-nio-9000-exec-2] INFO  com.business.management.util.TokenUtil-  ??[24] ??Token>>>>>>>>>>eyJhbGciOiJIUzI1NiIsInR5cCI6IkpXVCJ9.eyJST0xFIjoiUk9MRV9VU0VSIiwiYXVkIjoiMjQiLCJVU0VSTkFNRSI6IumZiOa0gTkwMDcxNiIsImV4cCI6MTU5MjE4OTQ5OX0.Em6mnhWiENVyYMntk9p1IBoedE6VbaIjgxOloSQYwik
2020/06/15-10:03 [http-nio-9000-exec-8] INFO  com.business.management.util.TokenUtil- ????Token???>>>>>>>>>>User(id=22, username=1141400146, password=8778B0A8D49C1EA6C04D624EF71A015C, roleNo=0, role=ROLE_USER, status=1, empno=KJ20015, realname=??, phone=19862191692, email=1141400146@qq.com, department=???, sex=null, birthday=, wechat=SS1141400146, qq=null, province=null, city=null, area=null, address=null, question=1, answer=??, imagePhoto=http://101.133.219.148:3000/file/20200608/20200608161318_5992941288.blob, param1=null, param2=null, param3=null, param4=null, param5=null, createtime=2020-06-05, updatetime=2020-06-08)
2020/06/15-10:03 [http-nio-9000-exec-8] INFO  com.business.management.util.TokenUtil-  ??[22] ??Token>>>>>>>>>>eyJhbGciOiJIUzI1NiIsInR5cCI6IkpXVCJ9.eyJST0xFIjoiUk9MRV9VU0VSIiwiYXVkIjoiMjIiLCJVU0VSTkFNRSI6IjExNDE0MDAxNDYiLCJleHAiOjE1OTIxOTAyMTZ9.-mCjPjLnM9TEDdt4pjjiARMRGoxhepO5oVjy4RkAMHA
2020/06/15-10:16 [http-nio-9000-exec-10] INFO  com.business.management.util.TokenUtil- ????Token???>>>>>>>>>>User(id=24, username=??900716, password=A2D7F7BA868E288E70DA89AACDD302F5, roleNo=0, role=ROLE_USER, status=1, empno=KJ19008, realname=??, phone=13601423572, email=326255281@qq.com, department=???, sex=null, birthday=null, wechat=null, qq=null, province=null, city=null, area=null, address=null, question=1, answer=??, imagePhoto=/avatar.jpg, param1=null, param2=null, param3=null, param4=null, param5=null, createtime=2020-06-09, updatetime=2020-06-11)
2020/06/15-10:16 [http-nio-9000-exec-10] INFO  com.business.management.util.TokenUtil-  ??[24] ??Token>>>>>>>>>>eyJhbGciOiJIUzI1NiIsInR5cCI6IkpXVCJ9.eyJST0xFIjoiUk9MRV9VU0VSIiwiYXVkIjoiMjQiLCJVU0VSTkFNRSI6IumZiOa0gTkwMDcxNiIsImV4cCI6MTU5MjE5MDk3Nn0.lTr2I_4A4V-xoCiBSoFZ3yeq20lLaYN0j68FaQZOQeM
2020/06/15-10:23 [http-nio-9000-exec-8] INFO  com.business.management.util.TokenUtil- ????Token???>>>>>>>>>>User(id=25, username=Cynthia, password=EC967264A959EA2A10FA2490674BD2A3, roleNo=0, role=ROLE_USER, status=1, empno=KJ19007, realname=Cynthia, phone=13913719373, email=cynthia@kolmarbnh.co.kr, department=???, sex=null, birthday=null, wechat=null, qq=null, province=null, city=null, area=null, address=null, question=QUESTION---1, answer=?????, imagePhoto=/avatar.jpg, param1=null, param2=null, param3=null, param4=null, param5=null, createtime=2020-06-15, updatetime=2020-06-15)
2020/06/15-10:23 [http-nio-9000-exec-8] INFO  com.business.management.util.TokenUtil-  ??[25] ??Token>>>>>>>>>>eyJhbGciOiJIUzI1NiIsInR5cCI6IkpXVCJ9.eyJST0xFIjoiUk9MRV9VU0VSIiwiYXVkIjoiMjUiLCJVU0VSTkFNRSI6IkN5bnRoaWEiLCJleHAiOjE1OTIxOTE0MTB9.mKhudPqwV1_QuZ9nNko4fRvhADWJ20gPnf2N-sQHHt4
2020/06/15-10:28 [http-nio-9000-exec-3] ERROR org.apache.catalina.core.ContainerBase.[Tomcat].[localhost].[/].[dispatcherServlet]- Servlet.service() for servlet [dispatcherServlet] in context with path [] threw exception [Request processing failed; nested exception is java.lang.RuntimeException: ?token] with root cause
java.lang.RuntimeException: ?token
	at com.business.management.util.AuthenticationInterceptor.preHandle(AuthenticationInterceptor.java:58)
	at org.springframework.web.servlet.HandlerExecutionChain.applyPreHandle(HandlerExecutionChain.java:136)
	at org.springframework.web.servlet.DispatcherServlet.doDispatch(DispatcherServlet.java:1034)
	at org.springframework.web.servlet.DispatcherServlet.doService(DispatcherServlet.java:942)
	at org.springframework.web.servlet.FrameworkServlet.processRequest(FrameworkServlet.java:1005)
	at org.springframework.web.servlet.FrameworkServlet.doGet(FrameworkServlet.java:897)
	at javax.servlet.http.HttpServlet.service(HttpServlet.java:634)
	at org.springframework.web.servlet.FrameworkServlet.service(FrameworkServlet.java:882)
	at javax.servlet.http.HttpServlet.service(HttpServlet.java:741)
	at org.apache.catalina.core.ApplicationFilterChain.internalDoFilter(ApplicationFilterChain.java:231)
	at org.apache.catalina.core.ApplicationFilterChain.doFilter(ApplicationFilterChain.java:166)
	at org.apache.tomcat.websocket.server.WsFilter.doFilter(WsFilter.java:53)
	at org.apache.catalina.core.ApplicationFilterChain.internalDoFilter(ApplicationFilterChain.java:193)
	at org.apache.catalina.core.ApplicationFilterChain.doFilter(ApplicationFilterChain.java:166)
	at org.springframework.boot.actuate.web.trace.servlet.HttpTraceFilter.doFilterInternal(HttpTraceFilter.java:88)
	at org.springframework.web.filter.OncePerRequestFilter.doFilter(OncePerRequestFilter.java:118)
	at org.apache.catalina.core.ApplicationFilterChain.internalDoFilter(ApplicationFilterChain.java:193)
	at org.apache.catalina.core.ApplicationFilterChain.doFilter(ApplicationFilterChain.java:166)
	at org.springframework.web.filter.RequestContextFilter.doFilterInternal(RequestContextFilter.java:99)
	at org.springframework.web.filter.OncePerRequestFilter.doFilter(OncePerRequestFilter.java:118)
	at org.apache.catalina.core.ApplicationFilterChain.internalDoFilter(ApplicationFilterChain.java:193)
	at org.apache.catalina.core.ApplicationFilterChain.doFilter(ApplicationFilterChain.java:166)
	at org.springframework.web.filter.FormContentFilter.doFilterInternal(FormContentFilter.java:92)
	at org.springframework.web.filter.OncePerRequestFilter.doFilter(OncePerRequestFilter.java:118)
	at org.apache.catalina.core.ApplicationFilterChain.internalDoFilter(ApplicationFilterChain.java:193)
	at org.apache.catalina.core.ApplicationFilterChain.doFilter(ApplicationFilterChain.java:166)
	at org.springframework.web.filter.HiddenHttpMethodFilter.doFilterInternal(HiddenHttpMethodFilter.java:93)
	at org.springframework.web.filter.OncePerRequestFilter.doFilter(OncePerRequestFilter.java:118)
	at org.apache.catalina.core.ApplicationFilterChain.internalDoFilter(ApplicationFilterChain.java:193)
	at org.apache.catalina.core.ApplicationFilterChain.doFilter(ApplicationFilterChain.java:166)
	at org.springframework.boot.actuate.metrics.web.servlet.WebMvcMetricsFilter.filterAndRecordMetrics(WebMvcMetricsFilter.java:114)
	at org.springframework.boot.actuate.metrics.web.servlet.WebMvcMetricsFilter.doFilterInternal(WebMvcMetricsFilter.java:104)
	at org.springframework.web.filter.OncePerRequestFilter.doFilter(OncePerRequestFilter.java:118)
	at org.apache.catalina.core.ApplicationFilterChain.internalDoFilter(ApplicationFilterChain.java:193)
	at org.apache.catalina.core.ApplicationFilterChain.doFilter(ApplicationFilterChain.java:166)
	at org.springframework.web.filter.CharacterEncodingFilter.doFilterInternal(CharacterEncodingFilter.java:200)
	at org.springframework.web.filter.OncePerRequestFilter.doFilter(OncePerRequestFilter.java:118)
	at org.apache.catalina.core.ApplicationFilterChain.internalDoFilter(ApplicationFilterChain.java:193)
	at org.apache.catalina.core.ApplicationFilterChain.doFilter(ApplicationFilterChain.java:166)
	at org.apache.catalina.core.StandardWrapperValve.invoke(StandardWrapperValve.java:202)
	at org.apache.catalina.core.StandardContextValve.invoke(StandardContextValve.java:96)
	at org.apache.catalina.authenticator.AuthenticatorBase.invoke(AuthenticatorBase.java:490)
	at org.apache.catalina.core.StandardHostValve.invoke(StandardHostValve.java:139)
	at org.apache.catalina.valves.ErrorReportValve.invoke(ErrorReportValve.java:92)
	at org.apache.catalina.core.StandardEngineValve.invoke(StandardEngineValve.java:74)
	at org.apache.catalina.connector.CoyoteAdapter.service(CoyoteAdapter.java:343)
	at org.apache.coyote.http11.Http11Processor.service(Http11Processor.java:408)
	at org.apache.coyote.AbstractProcessorLight.process(AbstractProcessorLight.java:66)
	at org.apache.coyote.AbstractProtocol$ConnectionHandler.process(AbstractProtocol.java:853)
	at org.apache.tomcat.util.net.NioEndpoint$SocketProcessor.doRun(NioEndpoint.java:1587)
	at org.apache.tomcat.util.net.SocketProcessorBase.run(SocketProcessorBase.java:49)
	at java.util.concurrent.ThreadPoolExecutor.runWorker(ThreadPoolExecutor.java:1149)
	at java.util.concurrent.ThreadPoolExecutor$Worker.run(ThreadPoolExecutor.java:624)
	at org.apache.tomcat.util.threads.TaskThread$WrappingRunnable.run(TaskThread.java:61)
	at java.lang.Thread.run(Thread.java:748)
2020/06/15-11:39 [http-nio-9000-exec-10] INFO  com.business.management.util.TokenUtil- ????Token???>>>>>>>>>>User(id=22, username=1141400146, password=8778B0A8D49C1EA6C04D624EF71A015C, roleNo=0, role=ROLE_USER, status=1, empno=KJ20015, realname=??, phone=19862191692, email=1141400146@qq.com, department=???, sex=null, birthday=, wechat=SS1141400146, qq=null, province=null, city=null, area=null, address=null, question=1, answer=??, imagePhoto=http://101.133.219.148:3000/file/20200608/20200608161318_5992941288.blob, param1=null, param2=null, param3=null, param4=null, param5=null, createtime=2020-06-05, updatetime=2020-06-08)
2020/06/15-11:39 [http-nio-9000-exec-10] INFO  com.business.management.util.TokenUtil-  ??[22] ??Token>>>>>>>>>>eyJhbGciOiJIUzI1NiIsInR5cCI6IkpXVCJ9.eyJST0xFIjoiUk9MRV9VU0VSIiwiYXVkIjoiMjIiLCJVU0VSTkFNRSI6IjExNDE0MDAxNDYiLCJleHAiOjE1OTIxOTU5ODd9.t-PqoqT9eEJ9ECxC7QYLjWlVILgNbtdAyeEJq5Jg1YM
2020/06/15-11:48 [http-nio-9000-exec-8] INFO  com.business.management.util.TokenUtil- ????Token???>>>>>>>>>>User(id=22, username=1141400146, password=8778B0A8D49C1EA6C04D624EF71A015C, roleNo=0, role=ROLE_USER, status=1, empno=KJ20015, realname=??, phone=19862191692, email=1141400146@qq.com, department=???, sex=null, birthday=, wechat=SS1141400146, qq=null, province=null, city=null, area=null, address=null, question=1, answer=??, imagePhoto=http://101.133.219.148:3000/file/20200608/20200608161318_5992941288.blob, param1=null, param2=null, param3=null, param4=null, param5=null, createtime=2020-06-05, updatetime=2020-06-08)
2020/06/15-11:48 [http-nio-9000-exec-8] INFO  com.business.management.util.TokenUtil-  ??[22] ??Token>>>>>>>>>>eyJhbGciOiJIUzI1NiIsInR5cCI6IkpXVCJ9.eyJST0xFIjoiUk9MRV9VU0VSIiwiYXVkIjoiMjIiLCJVU0VSTkFNRSI6IjExNDE0MDAxNDYiLCJleHAiOjE1OTIxOTY1MzR9.GWT0n2bXHFtCDdFrThJ5whG740yY3HEJVTI_9vTnFAE
2020/06/15-11:53 [http-nio-9000-exec-5] INFO  com.business.management.util.TokenUtil- ????Token???>>>>>>>>>>User(id=22, username=1141400146, password=8778B0A8D49C1EA6C04D624EF71A015C, roleNo=0, role=ROLE_USER, status=1, empno=KJ20015, realname=??, phone=19862191692, email=1141400146@qq.com, department=???, sex=null, birthday=, wechat=SS1141400146, qq=null, province=null, city=null, area=null, address=null, question=1, answer=??, imagePhoto=http://101.133.219.148:3000/file/20200608/20200608161318_5992941288.blob, param1=null, param2=null, param3=null, param4=null, param5=null, createtime=2020-06-05, updatetime=2020-06-08)
2020/06/15-11:53 [http-nio-9000-exec-5] INFO  com.business.management.util.TokenUtil-  ??[22] ??Token>>>>>>>>>>eyJhbGciOiJIUzI1NiIsInR5cCI6IkpXVCJ9.eyJST0xFIjoiUk9MRV9VU0VSIiwiYXVkIjoiMjIiLCJVU0VSTkFNRSI6IjExNDE0MDAxNDYiLCJleHAiOjE1OTIxOTY3OTZ9.3iq2DWrsDstKTKlhi8JoPk3qTE_rlBwEn59sh8f6D5A
2020/06/15-11:56 [http-nio-9000-exec-1] INFO  com.business.management.util.TokenUtil- ????Token???>>>>>>>>>>User(id=22, username=1141400146, password=8778B0A8D49C1EA6C04D624EF71A015C, roleNo=0, role=ROLE_USER, status=1, empno=KJ20015, realname=??, phone=19862191692, email=1141400146@qq.com, department=???, sex=null, birthday=, wechat=SS1141400146, qq=null, province=null, city=null, area=null, address=null, question=1, answer=??, imagePhoto=http://101.133.219.148:3000/file/20200608/20200608161318_5992941288.blob, param1=null, param2=null, param3=null, param4=null, param5=null, createtime=2020-06-05, updatetime=2020-06-08)
2020/06/15-11:56 [http-nio-9000-exec-1] INFO  com.business.management.util.TokenUtil-  ??[22] ??Token>>>>>>>>>>eyJhbGciOiJIUzI1NiIsInR5cCI6IkpXVCJ9.eyJST0xFIjoiUk9MRV9VU0VSIiwiYXVkIjoiMjIiLCJVU0VSTkFNRSI6IjExNDE0MDAxNDYiLCJleHAiOjE1OTIxOTY5Nzh9.DgVEV2xk0m_x8iONM9V4iLXFqmtrwJEsnvLTK7OJDXI
2020/06/15-11:57 [http-nio-9000-exec-9] INFO  com.business.management.service.impl.ProjectBaseinfoServiceImpl- projectBaseinfo update ok, id : 59
2020/06/15-11:58 [http-nio-9000-exec-4] INFO  com.business.management.util.TokenUtil- ????Token???>>>>>>>>>>User(id=22, username=1141400146, password=8778B0A8D49C1EA6C04D624EF71A015C, roleNo=0, role=ROLE_USER, status=1, empno=KJ20015, realname=??, phone=19862191692, email=1141400146@qq.com, department=???, sex=null, birthday=, wechat=SS1141400146, qq=null, province=null, city=null, area=null, address=null, question=1, answer=??, imagePhoto=http://101.133.219.148:3000/file/20200608/20200608161318_5992941288.blob, param1=null, param2=null, param3=null, param4=null, param5=null, createtime=2020-06-05, updatetime=2020-06-08)
2020/06/15-11:58 [http-nio-9000-exec-4] INFO  com.business.management.util.TokenUtil-  ??[22] ??Token>>>>>>>>>>eyJhbGciOiJIUzI1NiIsInR5cCI6IkpXVCJ9.eyJST0xFIjoiUk9MRV9VU0VSIiwiYXVkIjoiMjIiLCJVU0VSTkFNRSI6IjExNDE0MDAxNDYiLCJleHAiOjE1OTIxOTcxMDh9.9PR-TsYnkAMOL64fgY2Zy6dO4f6os1gQmSfVTFofjq8
2020/06/15-12:00 [http-nio-9000-exec-8] INFO  com.business.management.service.impl.ProjectBaseinfoServiceImpl- projectBaseinfo update ok, id : 59
2020/06/15-13:46 [http-nio-9000-exec-3] INFO  com.business.management.util.TokenUtil- ????Token???>>>>>>>>>>User(id=3, username=admin, password=427338237BD929443EC5D48E24FD2B1A, roleNo=1, role=ROLE_ADMIN, status=1, empno=1111111, realname=Administrator, phone=17712341324, email=admin@admin.com, department=???, sex=?, birthday=2020-04-29, wechat=xxxxxx, qq=222222, province=11, city=1101, area=110101, address=qqqqqqqq, question=wenti, answer=daan, imagePhoto=http://101.133.219.148:3000/file/20200605/20200605161751_9056317126.blob, param1=null, param2=null, param3=null, param4=null, param5=null, createtime=null, updatetime=2020-06-13)
2020/06/15-13:46 [http-nio-9000-exec-3] INFO  com.business.management.util.TokenUtil-  ??[3] ??Token>>>>>>>>>>eyJhbGciOiJIUzI1NiIsInR5cCI6IkpXVCJ9.eyJST0xFIjoiUk9MRV9BRE1JTiIsImF1ZCI6IjMiLCJVU0VSTkFNRSI6ImFkbWluIiwiZXhwIjoxNTkyMjAzNTgyfQ.mE6RV2Ee3mQW0iHzmPbLjTrve-uO4NmaRF94jcIOrpk
2020/06/15-13:49 [http-nio-9000-exec-2] INFO  com.business.management.util.TokenUtil- ????Token???>>>>>>>>>>User(id=22, username=1141400146, password=8778B0A8D49C1EA6C04D624EF71A015C, roleNo=0, role=ROLE_USER, status=1, empno=KJ20015, realname=??, phone=19862191692, email=1141400146@qq.com, department=???, sex=null, birthday=, wechat=SS1141400146, qq=null, province=null, city=null, area=null, address=null, question=1, answer=??, imagePhoto=http://101.133.219.148:3000/file/20200608/20200608161318_5992941288.blob, param1=null, param2=null, param3=null, param4=null, param5=null, createtime=2020-06-05, updatetime=2020-06-08)
2020/06/15-13:49 [http-nio-9000-exec-2] INFO  com.business.management.util.TokenUtil-  ??[22] ??Token>>>>>>>>>>eyJhbGciOiJIUzI1NiIsInR5cCI6IkpXVCJ9.eyJST0xFIjoiUk9MRV9VU0VSIiwiYXVkIjoiMjIiLCJVU0VSTkFNRSI6IjExNDE0MDAxNDYiLCJleHAiOjE1OTIyMDM3OTZ9.icIO6jG7u_kvN0IPInrnDodv5jCzroIuGYkf9i3a3WA
2020/06/15-14:04 [http-nio-9000-exec-10] ERROR org.apache.catalina.core.ContainerBase.[Tomcat].[localhost].[/].[dispatcherServlet]- Servlet.service() for servlet [dispatcherServlet] in context with path [] threw exception [Request processing failed; nested exception is java.lang.NullPointerException] with root cause
java.lang.NullPointerException: null
	at com.business.management.service.impl.UserServiceImpl.checkAdminRole(UserServiceImpl.java:52)
	at com.business.management.controller.CustomerController.update(CustomerController.java:88)
	at sun.reflect.NativeMethodAccessorImpl.invoke0(Native Method)
	at sun.reflect.NativeMethodAccessorImpl.invoke(NativeMethodAccessorImpl.java:62)
	at sun.reflect.DelegatingMethodAccessorImpl.invoke(DelegatingMethodAccessorImpl.java:43)
	at java.lang.reflect.Method.invoke(Method.java:498)
	at org.springframework.web.method.support.InvocableHandlerMethod.doInvoke(InvocableHandlerMethod.java:190)
	at org.springframework.web.method.support.InvocableHandlerMethod.invokeForRequest(InvocableHandlerMethod.java:138)
	at org.springframework.web.servlet.mvc.method.annotation.ServletInvocableHandlerMethod.invokeAndHandle(ServletInvocableHandlerMethod.java:104)
	at org.springframework.web.servlet.mvc.method.annotation.RequestMappingHandlerAdapter.invokeHandlerMethod(RequestMappingHandlerAdapter.java:892)
	at org.springframework.web.servlet.mvc.method.annotation.RequestMappingHandlerAdapter.handleInternal(RequestMappingHandlerAdapter.java:797)
	at org.springframework.web.servlet.mvc.method.AbstractHandlerMethodAdapter.handle(AbstractHandlerMethodAdapter.java:87)
	at org.springframework.web.servlet.DispatcherServlet.doDispatch(DispatcherServlet.java:1039)
	at org.springframework.web.servlet.DispatcherServlet.doService(DispatcherServlet.java:942)
	at org.springframework.web.servlet.FrameworkServlet.processRequest(FrameworkServlet.java:1005)
	at org.springframework.web.servlet.FrameworkServlet.doPost(FrameworkServlet.java:908)
	at javax.servlet.http.HttpServlet.service(HttpServlet.java:660)
	at org.springframework.web.servlet.FrameworkServlet.service(FrameworkServlet.java:882)
	at javax.servlet.http.HttpServlet.service(HttpServlet.java:741)
	at org.apache.catalina.core.ApplicationFilterChain.internalDoFilter(ApplicationFilterChain.java:231)
	at org.apache.catalina.core.ApplicationFilterChain.doFilter(ApplicationFilterChain.java:166)
	at org.apache.tomcat.websocket.server.WsFilter.doFilter(WsFilter.java:53)
	at org.apache.catalina.core.ApplicationFilterChain.internalDoFilter(ApplicationFilterChain.java:193)
	at org.apache.catalina.core.ApplicationFilterChain.doFilter(ApplicationFilterChain.java:166)
	at org.springframework.boot.actuate.web.trace.servlet.HttpTraceFilter.doFilterInternal(HttpTraceFilter.java:88)
	at org.springframework.web.filter.OncePerRequestFilter.doFilter(OncePerRequestFilter.java:118)
	at org.apache.catalina.core.ApplicationFilterChain.internalDoFilter(ApplicationFilterChain.java:193)
	at org.apache.catalina.core.ApplicationFilterChain.doFilter(ApplicationFilterChain.java:166)
	at org.springframework.web.filter.RequestContextFilter.doFilterInternal(RequestContextFilter.java:99)
	at org.springframework.web.filter.OncePerRequestFilter.doFilter(OncePerRequestFilter.java:118)
	at org.apache.catalina.core.ApplicationFilterChain.internalDoFilter(ApplicationFilterChain.java:193)
	at org.apache.catalina.core.ApplicationFilterChain.doFilter(ApplicationFilterChain.java:166)
	at org.springframework.web.filter.FormContentFilter.doFilterInternal(FormContentFilter.java:92)
	at org.springframework.web.filter.OncePerRequestFilter.doFilter(OncePerRequestFilter.java:118)
	at org.apache.catalina.core.ApplicationFilterChain.internalDoFilter(ApplicationFilterChain.java:193)
	at org.apache.catalina.core.ApplicationFilterChain.doFilter(ApplicationFilterChain.java:166)
	at org.springframework.web.filter.HiddenHttpMethodFilter.doFilterInternal(HiddenHttpMethodFilter.java:93)
	at org.springframework.web.filter.OncePerRequestFilter.doFilter(OncePerRequestFilter.java:118)
	at org.apache.catalina.core.ApplicationFilterChain.internalDoFilter(ApplicationFilterChain.java:193)
	at org.apache.catalina.core.ApplicationFilterChain.doFilter(ApplicationFilterChain.java:166)
	at org.springframework.boot.actuate.metrics.web.servlet.WebMvcMetricsFilter.filterAndRecordMetrics(WebMvcMetricsFilter.java:114)
	at org.springframework.boot.actuate.metrics.web.servlet.WebMvcMetricsFilter.doFilterInternal(WebMvcMetricsFilter.java:104)
	at org.springframework.web.filter.OncePerRequestFilter.doFilter(OncePerRequestFilter.java:118)
	at org.apache.catalina.core.ApplicationFilterChain.internalDoFilter(ApplicationFilterChain.java:193)
	at org.apache.catalina.core.ApplicationFilterChain.doFilter(ApplicationFilterChain.java:166)
	at org.springframework.web.filter.CharacterEncodingFilter.doFilterInternal(CharacterEncodingFilter.java:200)
	at org.springframework.web.filter.OncePerRequestFilter.doFilter(OncePerRequestFilter.java:118)
	at org.apache.catalina.core.ApplicationFilterChain.internalDoFilter(ApplicationFilterChain.java:193)
	at org.apache.catalina.core.ApplicationFilterChain.doFilter(ApplicationFilterChain.java:166)
	at org.apache.catalina.core.StandardWrapperValve.invoke(StandardWrapperValve.java:202)
	at org.apache.catalina.core.StandardContextValve.invoke(StandardContextValve.java:96)
	at org.apache.catalina.authenticator.AuthenticatorBase.invoke(AuthenticatorBase.java:490)
	at org.apache.catalina.core.StandardHostValve.invoke(StandardHostValve.java:139)
	at org.apache.catalina.valves.ErrorReportValve.invoke(ErrorReportValve.java:92)
	at org.apache.catalina.core.StandardEngineValve.invoke(StandardEngineValve.java:74)
	at org.apache.catalina.connector.CoyoteAdapter.service(CoyoteAdapter.java:343)
	at org.apache.coyote.http11.Http11Processor.service(Http11Processor.java:408)
	at org.apache.coyote.AbstractProcessorLight.process(AbstractProcessorLight.java:66)
	at org.apache.coyote.AbstractProtocol$ConnectionHandler.process(AbstractProtocol.java:853)
	at org.apache.tomcat.util.net.NioEndpoint$SocketProcessor.doRun(NioEndpoint.java:1587)
	at org.apache.tomcat.util.net.SocketProcessorBase.run(SocketProcessorBase.java:49)
	at java.util.concurrent.ThreadPoolExecutor.runWorker(ThreadPoolExecutor.java:1149)
	at java.util.concurrent.ThreadPoolExecutor$Worker.run(ThreadPoolExecutor.java:624)
	at org.apache.tomcat.util.threads.TaskThread$WrappingRunnable.run(TaskThread.java:61)
	at java.lang.Thread.run(Thread.java:748)
2020/06/15-14:13 [http-nio-9000-exec-3] INFO  com.business.management.util.TokenUtil- ????Token???>>>>>>>>>>User(id=3, username=admin, password=427338237BD929443EC5D48E24FD2B1A, roleNo=1, role=ROLE_ADMIN, status=1, empno=1111111, realname=Administrator, phone=17712341324, email=admin@admin.com, department=???, sex=?, birthday=2020-04-29, wechat=xxxxxx, qq=222222, province=11, city=1101, area=110101, address=qqqqqqqq, question=wenti, answer=daan, imagePhoto=http://101.133.219.148:3000/file/20200605/20200605161751_9056317126.blob, param1=null, param2=null, param3=null, param4=null, param5=null, createtime=null, updatetime=2020-06-13)
2020/06/15-14:13 [http-nio-9000-exec-3] INFO  com.business.management.util.TokenUtil-  ??[3] ??Token>>>>>>>>>>eyJhbGciOiJIUzI1NiIsInR5cCI6IkpXVCJ9.eyJST0xFIjoiUk9MRV9BRE1JTiIsImF1ZCI6IjMiLCJVU0VSTkFNRSI6ImFkbWluIiwiZXhwIjoxNTkyMjA1MjM3fQ.RcdOteQtfYJPHDmHoQ87w9tg71DjtSQ7YNI_2KCjr7M
